# JRE version: OpenJDK Runtime Environment Corretto-17.0.6.10.1 (17.0.6+10) (build 17.0.6+10-LTS)
# Java VM: OpenJDK 64-Bit Server VM Corretto-17.0.6.10.1 (17.0.6+10-LTS, mixed mode, emulated-client, sharing, tiered, compressed oops, compressed class ptrs, g1 gc, windows-amd64)
GC Precious Log:
 CPUs: 8 total, 8 available
 Memory: 8067M
 Large Page Support: Disabled
 NUMA Support: Disabled
 Compressed Oops: Enabled (32-bit)
 Heap Region Size: 1M
 Heap Min Capacity: 8M
 Heap Initial Capacity: 128M
 Heap Max Capacity: 2018M
 Pre-touch: Disabled
 Parallel Workers: 8
 Concurrent Workers: 2
 Concurrent Refinement Workers: 8
 Periodic GC: Disabled
Heap:
 garbage-first heap   total 99328K, used 27157K [0x0000000081e00000, 0x0000000100000000)
  region size 1024K, 1 young (1024K), 1 survivors (1024K)
 Metaspace       used 56930K, committed 57408K, reserved 1105920K
  class space    used 8066K, committed 8256K, reserved 1048576K
GC Heap History (20 events):
Event: 957.857 GC heap after
{Heap after GC invocations=26 (full 0):
 garbage-first heap   total 55296K, used 28319K [0x0000000081e00000, 0x0000000100000000)
  region size 1024K, 1 young (1024K), 1 survivors (1024K)
 Metaspace       used 56932K, committed 57408K, reserved 1105920K
  class space    used 8065K, committed 8256K, reserved 1048576K
}
Event: 962.701 GC heap before
{Heap before GC invocations=27 (full 0):
 garbage-first heap   total 55296K, used 43679K [0x0000000081e00000, 0x0000000100000000)
  region size 1024K, 16 young (16384K), 1 survivors (1024K)
 Metaspace       used 56930K, committed 57408K, reserved 1105920K
  class space    used 8066K, committed 8256K, reserved 1048576K
}
Event: 962.706 GC heap after
{Heap after GC invocations=28 (full 0):
 garbage-first heap   total 110592K, used 28366K [0x0000000081e00000, 0x0000000100000000)
  region size 1024K, 1 young (1024K), 1 survivors (1024K)
 Metaspace       used 56930K, committed 57408K, reserved 1105920K
  class space    used 8066K, committed 8256K, reserved 1048576K
}
Event: 963.196 GC heap before
{Heap before GC invocations=28 (full 0):
 garbage-first heap   total 110592K, used 32462K [0x0000000081e00000, 0x0000000100000000)
  region size 1024K, 5 young (5120K), 1 survivors (1024K)
 Metaspace       used 56930K, committed 57408K, reserved 1105920K
  class space    used 8066K, committed 8256K, reserved 1048576K
}
Event: 963.205 GC heap after
{Heap after GC invocations=29 (full 0):
 garbage-first heap   total 110592K, used 27719K [0x0000000081e00000, 0x0000000100000000)
  region size 1024K, 1 young (1024K), 1 survivors (1024K)
 Metaspace       used 56930K, committed 57408K, reserved 1105920K
  class space    used 8066K, committed 8256K, reserved 1048576K
}
Event: 972.788 GC heap before
{Heap before GC invocations=29 (full 0):
 garbage-first heap   total 110592K, used 90183K [0x0000000081e00000, 0x0000000100000000)
  region size 1024K, 62 young (63488K), 1 survivors (1024K)
 Metaspace       used 56930K, committed 57408K, reserved 1105920K
  class space    used 8066K, committed 8256K, reserved 1048576K
}
Event: 972.793 GC heap after
{Heap after GC invocations=30 (full 0):
 garbage-first heap   total 110592K, used 27737K [0x0000000081e00000, 0x0000000100000000)
  region size 1024K, 1 young (1024K), 1 survivors (1024K)
 Metaspace       used 56930K, committed 57408K, reserved 1105920K
  class space    used 8066K, committed 8256K, reserved 1048576K
}
Event: 983.643 GC heap before
{Heap before GC invocations=30 (full 0):
 garbage-first heap   total 110592K, used 92249K [0x0000000081e00000, 0x0000000100000000)
  region size 1024K, 64 young (65536K), 1 survivors (1024K)
 Metaspace       used 56930K, committed 57408K, reserved 1105920K
  class space    used 8066K, committed 8256K, reserved 1048576K
}
Event: 983.648 GC heap after
{Heap after GC invocations=31 (full 0):
 garbage-first heap   total 110592K, used 27722K [0x0000000081e00000, 0x0000000100000000)
  region size 1024K, 1 young (1024K), 1 survivors (1024K)
 Metaspace       used 56930K, committed 57408K, reserved 1105920K
  class space    used 8066K, committed 8256K, reserved 1048576K
}
Event: 1007.384 GC heap before
{Heap before GC invocations=32 (full 0):
 garbage-first heap   total 99328K, used 92234K [0x0000000081e00000, 0x0000000100000000)
  region size 1024K, 64 young (65536K), 1 survivors (1024K)
 Metaspace       used 56930K, committed 57408K, reserved 1105920K
  class space    used 8066K, committed 8256K, reserved 1048576K
}
Event: 1007.394 GC heap after
{Heap after GC invocations=33 (full 0):
 garbage-first heap   total 99328K, used 27739K [0x0000000081e00000, 0x0000000100000000)
  region size 1024K, 1 young (1024K), 1 survivors (1024K)
 Metaspace       used 56930K, committed 57408K, reserved 1105920K
  class space    used 8066K, committed 8256K, reserved 1048576K
}
Event: 1008.373 GC heap before
{Heap before GC invocations=33 (full 0):
 garbage-first heap   total 99328K, used 30811K [0x0000000081e00000, 0x0000000100000000)
  region size 1024K, 4 young (4096K), 1 survivors (1024K)
 Metaspace       used 56930K, committed 57408K, reserved 1105920K
  class space    used 8066K, committed 8256K, reserved 1048576K
}
Event: 1008.555 GC heap after
{Heap after GC invocations=34 (full 0):
 garbage-first heap   total 99328K, used 27717K [0x0000000081e00000, 0x0000000100000000)
  region size 1024K, 1 young (1024K), 1 survivors (1024K)
 Metaspace       used 56930K, committed 57408K, reserved 1105920K
  class space    used 8066K, committed 8256K, reserved 1048576K
}
Event: 1025.495 GC heap before
{Heap before GC invocations=34 (full 0):
 garbage-first heap   total 99328K, used 84037K [0x0000000081e00000, 0x0000000100000000)
  region size 1024K, 56 young (57344K), 1 survivors (1024K)
 Metaspace       used 56930K, committed 57408K, reserved 1105920K
  class space    used 8066K, committed 8256K, reserved 1048576K
}
Event: 1025.497 GC heap after
{Heap after GC invocations=35 (full 0):
 garbage-first heap   total 99328K, used 27721K [0x0000000081e00000, 0x0000000100000000)
  region size 1024K, 1 young (1024K), 1 survivors (1024K)
 Metaspace       used 56930K, committed 57408K, reserved 1105920K
  class space    used 8066K, committed 8256K, reserved 1048576K
}
Event: 1036.873 GC heap before
{Heap before GC invocations=36 (full 0):
 garbage-first heap   total 99328K, used 85065K [0x0000000081e00000, 0x0000000100000000)
  region size 1024K, 57 young (58368K), 1 survivors (1024K)
 Metaspace       used 56930K, committed 57408K, reserved 1105920K
  class space    used 8066K, committed 8256K, reserved 1048576K
}
Event: 1036.880 GC heap after
{Heap after GC invocations=37 (full 0):
 garbage-first heap   total 99328K, used 27705K [0x0000000081e00000, 0x0000000100000000)
  region size 1024K, 1 young (1024K), 1 survivors (1024K)
 Metaspace       used 56930K, committed 57408K, reserved 1105920K
  class space    used 8066K, committed 8256K, reserved 1048576K
}
Event: 1037.338 GC heap before
{Heap before GC invocations=37 (full 0):
 garbage-first heap   total 99328K, used 30777K [0x0000000081e00000, 0x0000000100000000)
  region size 1024K, 4 young (4096K), 1 survivors (1024K)
 Metaspace       used 56930K, committed 57408K, reserved 1105920K
  class space    used 8066K, committed 8256K, reserved 1048576K
}
Event: 1037.345 GC heap after
{Heap after GC invocations=38 (full 0):
 garbage-first heap   total 99328K, used 27159K [0x0000000081e00000, 0x0000000100000000)
  region size 1024K, 1 young (1024K), 1 survivors (1024K)
 Metaspace       used 56930K, committed 57408K, reserved 1105920K
  class space    used 8066K, committed 8256K, reserved 1048576K
}
Event: 1052.666 GC heap before
{Heap before GC invocations=38 (full 0):
 garbage-first heap   total 99328K, used 84503K [0x0000000081e00000, 0x0000000100000000)
  region size 1024K, 57 young (58368K), 1 survivors (1024K)
 Metaspace       used 56930K, committed 57408K, reserved 1105920K
  class space    used 8066K, committed 8256K, reserved 1048576K
}

